# JRE version: Java(TM) SE Runtime Environment (17.0.3.1+2) (build 17.0.3.1+2-LTS-6)
# Java VM: Java HotSpot(TM) 64-Bit Server VM (17.0.3.1+2-LTS-6, mixed mode, sharing, tiered, compressed oops, compressed class ptrs, g1 gc, bsd-aarch64)
GC Precious Log:
 CPUs: 10 total, 10 available
 Memory: 16384M
 Large Page Support: Disabled
 NUMA Support: Disabled
 Compressed Oops: Enabled (Zero based)
 Heap Region Size: 2M
 Heap Min Capacity: 8M
 Heap Initial Capacity: 256M
 Heap Max Capacity: 4G
 Pre-touch: Disabled
 Parallel Workers: 9
 Concurrent Workers: 2
 Concurrent Refinement Workers: 9
 Periodic GC: Disabled
Heap:
 garbage-first heap   total 61440K, used 24188K [0x0000000700000000, 0x0000000800000000)
  region size 2048K, 7 young (14336K), 1 survivors (2048K)
 Metaspace       used 31010K, committed 31488K, reserved 1081344K
  class space    used 3905K, committed 4160K, reserved 1048576K
GC Heap History (10 events):
Event: 0.380 GC heap before
{Heap before GC invocations=0 (full 0):
 garbage-first heap   total 266240K, used 24544K [0x0000000700000000, 0x0000000800000000)
  region size 2048K, 11 young (22528K), 0 survivors (0K)
 Metaspace       used 6310K, committed 6528K, reserved 1056768K
  class space    used 794K, committed 896K, reserved 1048576K
}
Event: 0.382 GC heap after
{Heap after GC invocations=1 (full 0):
 garbage-first heap   total 266240K, used 6825K [0x0000000700000000, 0x0000000800000000)
  region size 2048K, 2 young (4096K), 2 survivors (4096K)
 Metaspace       used 6310K, committed 6528K, reserved 1056768K
  class space    used 794K, committed 896K, reserved 1048576K
}
Event: 0.512 GC heap before
{Heap before GC invocations=1 (full 0):
 garbage-first heap   total 266240K, used 29353K [0x0000000700000000, 0x0000000800000000)
  region size 2048K, 14 young (28672K), 2 survivors (4096K)
 Metaspace       used 12646K, committed 12928K, reserved 1064960K
  class space    used 1565K, committed 1728K, reserved 1048576K
}
Event: 0.514 GC heap after
{Heap after GC invocations=2 (full 0):
 garbage-first heap   total 266240K, used 8668K [0x0000000700000000, 0x0000000800000000)
  region size 2048K, 1 young (2048K), 1 survivors (2048K)
 Metaspace       used 12646K, committed 12928K, reserved 1064960K
  class space    used 1565K, committed 1728K, reserved 1048576K
}
Event: 0.874 GC heap before
{Heap before GC invocations=2 (full 0):
 garbage-first heap   total 266240K, used 51676K [0x0000000700000000, 0x0000000800000000)
  region size 2048K, 23 young (47104K), 1 survivors (2048K)
 Metaspace       used 21201K, committed 21504K, reserved 1073152K
  class space    used 2708K, committed 2880K, reserved 1048576K
}
Event: 0.877 GC heap after
{Heap after GC invocations=3 (full 0):
 garbage-first heap   total 266240K, used 12229K [0x0000000700000000, 0x0000000800000000)
  region size 2048K, 3 young (6144K), 3 survivors (6144K)
 Metaspace       used 21201K, committed 21504K, reserved 1073152K
  class space    used 2708K, committed 2880K, reserved 1048576K
}
Event: 1.139 GC heap before
{Heap before GC invocations=4 (full 0):
 garbage-first heap   total 61440K, used 42949K [0x0000000700000000, 0x0000000800000000)
  region size 2048K, 19 young (38912K), 3 survivors (6144K)
 Metaspace       used 27245K, committed 27648K, reserved 1073152K
  class space    used 3488K, committed 3648K, reserved 1048576K
}
Event: 1.143 GC heap after
{Heap after GC invocations=5 (full 0):
 garbage-first heap   total 61440K, used 15518K [0x0000000700000000, 0x0000000800000000)
  region size 2048K, 5 young (10240K), 5 survivors (10240K)
 Metaspace       used 27245K, committed 27648K, reserved 1073152K
  class space    used 3488K, committed 3648K, reserved 1048576K
}
Event: 4.994 GC heap before
{Heap before GC invocations=5 (full 0):
 garbage-first heap   total 61440K, used 17566K [0x0000000700000000, 0x0000000800000000)
  region size 2048K, 6 young (12288K), 5 survivors (10240K)
 Metaspace       used 27835K, committed 28288K, reserved 1073152K
  class space    used 3558K, committed 3776K, reserved 1048576K
}
Event: 5.005 GC heap after
{Heap after GC invocations=6 (full 0):
 garbage-first heap   total 61440K, used 15996K [0x0000000700000000, 0x0000000800000000)
  region size 2048K, 1 young (2048K), 1 survivors (2048K)
 Metaspace       used 27835K, committed 28288K, reserved 1073152K
  class space    used 3558K, committed 3776K, reserved 1048576K
}

