# JRE version: Java(TM) SE Runtime Environment (17.0.3.1+2) (build 17.0.3.1+2-LTS-6)
# Java VM: Java HotSpot(TM) 64-Bit Server VM (17.0.3.1+2-LTS-6, mixed mode, sharing, tiered, compressed oops, compressed class ptrs, g1 gc, bsd-aarch64)
GC Precious Log:
 CPUs: 10 total, 10 available
 Memory: 16384M
 Large Page Support: Disabled
 NUMA Support: Disabled
 Compressed Oops: Enabled (Zero based)
 Heap Region Size: 2M
 Heap Min Capacity: 8M
 Heap Initial Capacity: 256M
 Heap Max Capacity: 4G
 Pre-touch: Disabled
 Parallel Workers: 9
 Concurrent Workers: 2
 Concurrent Refinement Workers: 9
 Periodic GC: Disabled
Heap:
 garbage-first heap   total 61440K, used 24185K [0x0000000700000000, 0x0000000800000000)
  region size 2048K, 7 young (14336K), 1 survivors (2048K)
 Metaspace       used 31030K, committed 31488K, reserved 1081344K
  class space    used 3905K, committed 4160K, reserved 1048576K
GC Heap History (10 events):
Event: 0.329 GC heap before
{Heap before GC invocations=0 (full 0):
 garbage-first heap   total 266240K, used 24544K [0x0000000700000000, 0x0000000800000000)
  region size 2048K, 11 young (22528K), 0 survivors (0K)
 Metaspace       used 6306K, committed 6528K, reserved 1056768K
  class space    used 794K, committed 896K, reserved 1048576K
}
Event: 0.330 GC heap after
{Heap after GC invocations=1 (full 0):
 garbage-first heap   total 266240K, used 6873K [0x0000000700000000, 0x0000000800000000)
  region size 2048K, 2 young (4096K), 2 survivors (4096K)
 Metaspace       used 6306K, committed 6528K, reserved 1056768K
  class space    used 794K, committed 896K, reserved 1048576K
}
Event: 0.462 GC heap before
{Heap before GC invocations=1 (full 0):
 garbage-first heap   total 266240K, used 31449K [0x0000000700000000, 0x0000000800000000)
  region size 2048K, 14 young (28672K), 2 survivors (4096K)
 Metaspace       used 12742K, committed 12992K, reserved 1064960K
  class space    used 1576K, committed 1728K, reserved 1048576K
}
Event: 0.463 GC heap after
{Heap after GC invocations=2 (full 0):
 garbage-first heap   total 266240K, used 8775K [0x0000000700000000, 0x0000000800000000)
  region size 2048K, 1 young (2048K), 1 survivors (2048K)
 Metaspace       used 12742K, committed 12992K, reserved 1064960K
  class space    used 1576K, committed 1728K, reserved 1048576K
}
Event: 0.818 GC heap before
{Heap before GC invocations=2 (full 0):
 garbage-first heap   total 266240K, used 51783K [0x0000000700000000, 0x0000000800000000)
  region size 2048K, 23 young (47104K), 1 survivors (2048K)
 Metaspace       used 21217K, committed 21504K, reserved 1073152K
  class space    used 2708K, committed 2880K, reserved 1048576K
}
Event: 0.821 GC heap after
{Heap after GC invocations=3 (full 0):
 garbage-first heap   total 266240K, used 12205K [0x0000000700000000, 0x0000000800000000)
  region size 2048K, 3 young (6144K), 3 survivors (6144K)
 Metaspace       used 21217K, committed 21504K, reserved 1073152K
  class space    used 2708K, committed 2880K, reserved 1048576K
}
Event: 1.089 GC heap before
{Heap before GC invocations=4 (full 0):
 garbage-first heap   total 61440K, used 42925K [0x0000000700000000, 0x0000000800000000)
  region size 2048K, 19 young (38912K), 3 survivors (6144K)
 Metaspace       used 27282K, committed 27648K, reserved 1073152K
  class space    used 3489K, committed 3648K, reserved 1048576K
}
Event: 1.092 GC heap after
{Heap after GC invocations=5 (full 0):
 garbage-first heap   total 61440K, used 15606K [0x0000000700000000, 0x0000000800000000)
  region size 2048K, 5 young (10240K), 5 survivors (10240K)
 Metaspace       used 27282K, committed 27648K, reserved 1073152K
  class space    used 3489K, committed 3648K, reserved 1048576K
}
Event: 6.571 GC heap before
{Heap before GC invocations=5 (full 0):
 garbage-first heap   total 61440K, used 15606K [0x0000000700000000, 0x0000000800000000)
  region size 2048K, 6 young (12288K), 5 survivors (10240K)
 Metaspace       used 27918K, committed 28352K, reserved 1081344K
  class space    used 3563K, committed 3776K, reserved 1048576K
}
Event: 6.581 GC heap after
{Heap after GC invocations=6 (full 0):
 garbage-first heap   total 61440K, used 15993K [0x0000000700000000, 0x0000000800000000)
  region size 2048K, 1 young (2048K), 1 survivors (2048K)
 Metaspace       used 27918K, committed 28352K, reserved 1081344K
  class space    used 3563K, committed 3776K, reserved 1048576K
}

